<?xml version="1.0" encoding="UTF-8"?>
<!-- Generated by org.testng.reporters.JUnitXMLReporter -->
<testsuite hostname="LAPTOP-K1OJI7SN" name="BankingApp Test" tests="2" failures="0" timestamp="30 Dec 2020 09:14:39 GMT" time="33.388" errors="0">
  <testcase name="logintest" time="2.214" classname="com.inetbankingt_cases.testCases.TC_LoginTest_001"/>
  <testcase name="AddNewCustomer" time="13.417" classname="com.inetbankingt_cases.testCases.TC_New_Customer_002"/>
</testsuite> <!-- BankingApp Test -->
