<?xml version="1.0" encoding="UTF-8"?>
<!-- Generated by org.testng.reporters.JUnitXMLReporter -->
<testsuite hostname="LAPTOP-K1OJI7SN" ignored="0" name="BankingApp Test" tests="2" failures="0" timestamp="01 Jan 2021 09:22:38 GMT" time="47.742" errors="0">
  <testcase name="logintest" time="1.655" classname="com.inetbankingt_cases.testCases.TC_LoginTest_001"/>
  <testcase name="AddNewCustomer" time="12.165" classname="com.inetbankingt_cases.testCases.TC_New_Customer_002"/>
</testsuite> <!-- BankingApp Test -->
