<?xml version="1.0" encoding="UTF-8"?>
<testng-results skipped="0" failed="0" total="2" passed="2">
  <reporter-output>
  </reporter-output>
  <suite name="inetBankingV1" duration-ms="33388" started-at="2020-12-30T09:14:06Z" finished-at="2020-12-30T09:14:39Z">
    <groups>
    </groups>
    <test name="BankingApp Test" duration-ms="33388" started-at="2020-12-30T09:14:06Z" finished-at="2020-12-30T09:14:39Z">
      <class name="com.inetbankingt_cases.testCases.TC_LoginTest_001">
        <test-method status="PASS" signature="setup(java.lang.String)[pri:0, instance:com.inetbankingt_cases.testCases.TC_LoginTest_001@2d209079]" name="setup" is-config="true" duration-ms="8866" started-at="2020-12-30T14:44:06Z" finished-at="2020-12-30T14:44:15Z">
          <params>
            <param index="0">
              <value>
                <![CDATA[chrome]]>
              </value>
            </param>
          </params>
          <reporter-output>
          </reporter-output>
        </test-method> <!-- setup -->
        <test-method status="PASS" signature="logintest()[pri:0, instance:com.inetbankingt_cases.testCases.TC_LoginTest_001@2d209079]" name="logintest" duration-ms="2214" started-at="2020-12-30T14:44:15Z" finished-at="2020-12-30T14:44:17Z">
          <reporter-output>
          </reporter-output>
        </test-method> <!-- logintest -->
        <test-method status="PASS" signature="tearDown()[pri:0, instance:com.inetbankingt_cases.testCases.TC_LoginTest_001@2d209079]" name="tearDown" is-config="true" duration-ms="703" started-at="2020-12-30T14:44:17Z" finished-at="2020-12-30T14:44:18Z">
          <reporter-output>
          </reporter-output>
        </test-method> <!-- tearDown -->
      </class> <!-- com.inetbankingt_cases.testCases.TC_LoginTest_001 -->
      <class name="com.inetbankingt_cases.testCases.TC_New_Customer_002">
        <test-method status="PASS" signature="setup(java.lang.String)[pri:0, instance:com.inetbankingt_cases.testCases.TC_New_Customer_002@5594a1b5]" name="setup" is-config="true" duration-ms="7265" started-at="2020-12-30T14:44:18Z" finished-at="2020-12-30T14:44:25Z">
          <params>
            <param index="0">
              <value>
                <![CDATA[chrome]]>
              </value>
            </param>
          </params>
          <reporter-output>
          </reporter-output>
        </test-method> <!-- setup -->
        <test-method status="PASS" signature="AddNewCustomer()[pri:0, instance:com.inetbankingt_cases.testCases.TC_New_Customer_002@5594a1b5]" name="AddNewCustomer" duration-ms="13417" started-at="2020-12-30T14:44:25Z" finished-at="2020-12-30T14:44:39Z">
          <reporter-output>
          </reporter-output>
        </test-method> <!-- AddNewCustomer -->
        <test-method status="PASS" signature="tearDown()[pri:0, instance:com.inetbankingt_cases.testCases.TC_New_Customer_002@5594a1b5]" name="tearDown" is-config="true" duration-ms="656" started-at="2020-12-30T14:44:39Z" finished-at="2020-12-30T14:44:39Z">
          <reporter-output>
          </reporter-output>
        </test-method> <!-- tearDown -->
      </class> <!-- com.inetbankingt_cases.testCases.TC_New_Customer_002 -->
    </test> <!-- BankingApp Test -->
  </suite> <!-- inetBankingV1 -->
</testng-results>
